outputs/logs/manifest-merger-debug-report.txt
-- Merging decision tree log ---
manifest
ADDED from src\main\AndroidManifest.xml:2:1-37:12
INJECTED from src\main\AndroidManifest.xml:2:1-37:12
INJECTED from src\main\AndroidManifest.xml:2:1-37:12
INJECTED from src\main\AndroidManifest.xml:2:1-37:12
MERGED from [androidx.room:room-ktx:2.5.0] AndroidManifest.xml:17:1-22:12
MERGED from [androidx.room:room-runtime:2.5.0] AndroidManifest.xml:17:1-31:12
MERGED from [androidx.compose.ui:ui-tooling:1.2.0] AndroidManifest.xml:17:1-29:12
MERGED from [androidx.activity:activity-compose:1.3.1] AndroidManifest.xml:17:1-24:12
MERGED from [androidx.activity:activity-ktx:1.3.1] AndroidManifest.xml:17:1-24:12
MERGED from [androidx.lifecycle:lifecycle-runtime-ktx:2.3.1] AndroidManifest.xml:17:1-24:12
MERGED from [androidx.compose.material:material:1.2.0] AndroidManifest.xml:17:1-23:12
MERGED from [androidx.compose.material:material-ripple:1.2.0] AndroidManifest.xml:17:1-23:12
MERGED from [androidx.compose.foundation:foundation:1.2.0] AndroidManifest.xml:17:1-23:12
MERGED from [androidx.compose.animation:animation:1.1.1] AndroidManifest.xml:17:1-24:12
MERGED from [androidx.compose.ui:ui-tooling-data:1.2.0] AndroidManifest.xml:17:1-23:12
MERGED from [androidx.compose.material:material-icons-core:1.2.0] AndroidManifest.xml:17:1-23:12
MERGED from [androidx.compose.foundation:foundation-layout:1.2.0] AndroidManifest.xml:17:1-23:12
MERGED from [androidx.compose.animation:animation-core:1.1.1] AndroidManifest.xml:17:1-24:12
MERGED from [androidx.compose.ui:ui:1.2.0] AndroidManifest.xml:17:1-23:12
MERGED from [androidx.compose.ui:ui-tooling-preview:1.2.0] AndroidManifest.xml:17:1-23:12
MERGED from [androidx.compose.ui:ui-text:1.2.0] AndroidManifest.xml:17:1-23:12
MERGED from [androidx.compose.runtime:runtime-saveable:1.2.0] AndroidManifest.xml:17:1-23:12
MERGED from [androidx.compose.ui:ui-graphics:1.2.0] AndroidManifest.xml:17:1-23:12
MERGED from [androidx.compose.ui:ui-unit:1.2.0] AndroidManifest.xml:17:1-23:12
MERGED from [androidx.compose.ui:ui-geometry:1.2.0] AndroidManifest.xml:17:1-23:12
MERGED from [androidx.compose.runtime:runtime:1.2.0] AndroidManifest.xml:17:1-23:12
MERGED from [androidx.lifecycle:lifecycle-viewmodel-ktx:2.3.1] AndroidManifest.xml:17:1-24:12
MERGED from [androidx.compose.ui:ui-test-manifest:1.2.0] AndroidManifest.xml:17:1-29:12
MERGED from [androidx.customview:customview-poolingcontainer:1.0.0] AndroidManifest.xml:17:1-23:12
MERGED from [androidx.core:core-ktx:1.7.0] AndroidManifest.xml:2:1-9:12
MERGED from [androidx.savedstate:savedstate-ktx:1.2.0] AndroidManifest.xml:17:1-24:12
MERGED from [androidx.compose.ui:ui-util:1.2.0] AndroidManifest.xml:17:1-23:12
MERGED from [androidx.activity:activity:1.3.1] AndroidManifest.xml:17:1-24:12
MERGED from [androidx.lifecycle:lifecycle-viewmodel-savedstate:2.3.1] AndroidManifest.xml:17:1-24:12
MERGED from [androidx.savedstate:savedstate:1.2.0] AndroidManifest.xml:17:1-24:12
MERGED from [androidx.sqlite:sqlite-framework:2.3.0] AndroidManifest.xml:17:1-22:12
MERGED from [androidx.sqlite:sqlite:2.3.0] AndroidManifest.xml:17:1-22:12
MERGED from [androidx.autofill:autofill:1.0.0] AndroidManifest.xml:17:1-24:12
MERGED from [androidx.core:core:1.7.0] AndroidManifest.xml:17:1-26:12
MERGED from [androidx.lifecycle:lifecycle-runtime:2.3.1] AndroidManifest.xml:17:1-24:12
MERGED from [androidx.versionedparcelable:versionedparcelable:1.1.1] AndroidManifest.xml:17:1-27:12
MERGED from [androidx.profileinstaller:profileinstaller:1.2.0] AndroidManifest.xml:17:1-50:12
MERGED from [androidx.lifecycle:lifecycle-livedata-core:2.3.1] AndroidManifest.xml:17:1-24:12
MERGED from [androidx.arch.core:core-runtime:2.1.0] AndroidManifest.xml:17:1-24:12
MERGED from [androidx.startup:startup-runtime:1.1.1] AndroidManifest.xml:17:1-33:12
MERGED from [androidx.lifecycle:lifecycle-viewmodel:2.3.1] AndroidManifest.xml:17:1-24:12
MERGED from [androidx.tracing:tracing:1.0.0] AndroidManifest.xml:17:1-24:12
MERGED from [androidx.annotation:annotation-experimental:1.1.0] AndroidManifest.xml:17:1-24:12
INJECTED from src\main\AndroidManifest.xml:2:1-37:12
INJECTED from src\main\AndroidManifest.xml:2:1-37:12
INJECTED from src\main\AndroidManifest.xml:2:1-37:12
	package
		INJECTED from src\main\AndroidManifest.xml
		ADDED from src\main\AndroidManifest.xml:2:1-37:12
		INJECTED from src\main\AndroidManifest.xml
	android:versionName
		INJECTED from src\main\AndroidManifest.xml
		ADDED from src\main\AndroidManifest.xml:2:1-37:12
		INJECTED from src\main\AndroidManifest.xml
	xmlns:tools
		ADDED from src\main\AndroidManifest.xml:3:5-51
	android:versionCode
		INJECTED from src\main\AndroidManifest.xml
		ADDED from src\main\AndroidManifest.xml:2:1-37:12
		INJECTED from src\main\AndroidManifest.xml
	xmlns:android
		ADDED from src\main\AndroidManifest.xml:2:11-69
application
ADDED from src\main\AndroidManifest.xml:5:5-35:19
MERGED from [androidx.room:room-runtime:2.5.0] AndroidManifest.xml:23:5-29:19
MERGED from [androidx.room:room-runtime:2.5.0] AndroidManifest.xml:23:5-29:19
MERGED from [androidx.compose.ui:ui-tooling:1.2.0] AndroidManifest.xml:23:5-27:19
MERGED from [androidx.compose.ui:ui-tooling:1.2.0] AndroidManifest.xml:23:5-27:19
MERGED from [androidx.compose.ui:ui-test-manifest:1.2.0] AndroidManifest.xml:23:5-27:19
MERGED from [androidx.compose.ui:ui-test-manifest:1.2.0] AndroidManifest.xml:23:5-27:19
MERGED from [androidx.core:core:1.7.0] AndroidManifest.xml:24:5-89
MERGED from [androidx.core:core:1.7.0] AndroidManifest.xml:24:5-89
MERGED from [androidx.versionedparcelable:versionedparcelable:1.1.1] AndroidManifest.xml:24:5-25:19
MERGED from [androidx.versionedparcelable:versionedparcelable:1.1.1] AndroidManifest.xml:24:5-25:19
MERGED from [androidx.profileinstaller:profileinstaller:1.2.0] AndroidManifest.xml:24:5-48:19
MERGED from [androidx.profileinstaller:profileinstaller:1.2.0] AndroidManifest.xml:24:5-48:19
MERGED from [androidx.startup:startup-runtime:1.1.1] AndroidManifest.xml:25:5-31:19
MERGED from [androidx.startup:startup-runtime:1.1.1] AndroidManifest.xml:25:5-31:19
	android:appComponentFactory
		ADDED from [androidx.core:core:1.7.0] AndroidManifest.xml:24:18-86
	android:supportsRtl
		ADDED from src\main\AndroidManifest.xml:11:9-35
	android:label
		ADDED from src\main\AndroidManifest.xml:10:9-41
	android:fullBackupContent
		ADDED from src\main\AndroidManifest.xml:8:9-54
	tools:targetApi
		ADDED from src\main\AndroidManifest.xml:13:9-29
	android:icon
		ADDED from src\main\AndroidManifest.xml:9:9-46
	android:allowBackup
		ADDED from src\main\AndroidManifest.xml:6:9-35
	android:theme
		ADDED from src\main\AndroidManifest.xml:12:9-56
	android:dataExtractionRules
		ADDED from src\main\AndroidManifest.xml:7:9-65
activity#com.example.podcastapplication.RegistrationActivity
ADDED from src\main\AndroidManifest.xml:14:9-18:63
	android:label
		ADDED from src\main\AndroidManifest.xml:17:13-64
	android:exported
		ADDED from src\main\AndroidManifest.xml:16:13-37
	android:theme
		ADDED from src\main\AndroidManifest.xml:18:13-60
	android:name
		ADDED from src\main\AndroidManifest.xml:15:13-49
activity#com.example.podcastapplication.MainActivity
ADDED from src\main\AndroidManifest.xml:19:9-23:63
	android:label
		ADDED from src\main\AndroidManifest.xml:22:13-57
	android:exported
		ADDED from src\main\AndroidManifest.xml:21:13-37
	android:theme
		ADDED from src\main\AndroidManifest.xml:23:13-60
	android:name
		ADDED from src\main\AndroidManifest.xml:20:13-41
activity#com.example.podcastapplication.LoginActivity
ADDED from src\main\AndroidManifest.xml:24:9-34:20
	android:label
		ADDED from src\main\AndroidManifest.xml:27:13-45
	android:exported
		ADDED from src\main\AndroidManifest.xml:26:13-36
	android:theme
		ADDED from src\main\AndroidManifest.xml:28:13-60
	android:name
		ADDED from src\main\AndroidManifest.xml:25:13-42
intent-filter#action:name:android.intent.action.MAIN+category:name:android.intent.category.LAUNCHER
ADDED from src\main\AndroidManifest.xml:29:13-33:29
action#android.intent.action.MAIN
ADDED from src\main\AndroidManifest.xml:30:17-69
	android:name
		ADDED from src\main\AndroidManifest.xml:30:25-66
category#android.intent.category.LAUNCHER
ADDED from src\main\AndroidManifest.xml:32:17-77
	android:name
		ADDED from src\main\AndroidManifest.xml:32:27-74
uses-sdk
INJECTED from src\main\AndroidManifest.xml reason: use-sdk injection requested
INJECTED from src\main\AndroidManifest.xml
INJECTED from src\main\AndroidManifest.xml
MERGED from [androidx.room:room-ktx:2.5.0] AndroidManifest.xml:20:5-44
MERGED from [androidx.room:room-ktx:2.5.0] AndroidManifest.xml:20:5-44
MERGED from [androidx.room:room-runtime:2.5.0] AndroidManifest.xml:21:5-44
MERGED from [androidx.room:room-runtime:2.5.0] AndroidManifest.xml:21:5-44
MERGED from [androidx.compose.ui:ui-tooling:1.2.0] AndroidManifest.xml:20:5-21:38
MERGED from [androidx.compose.ui:ui-tooling:1.2.0] AndroidManifest.xml:20:5-21:38
MERGED from [androidx.activity:activity-compose:1.3.1] AndroidManifest.xml:20:5-22:41
MERGED from [androidx.activity:activity-compose:1.3.1] AndroidManifest.xml:20:5-22:41
MERGED from [androidx.activity:activity-ktx:1.3.1] AndroidManifest.xml:20:5-22:41
MERGED from [androidx.activity:activity-ktx:1.3.1] AndroidManifest.xml:20:5-22:41
MERGED from [androidx.lifecycle:lifecycle-runtime-ktx:2.3.1] AndroidManifest.xml:20:5-22:41
MERGED from [androidx.lifecycle:lifecycle-runtime-ktx:2.3.1] AndroidManifest.xml:20:5-22:41
MERGED from [androidx.compose.material:material:1.2.0] AndroidManifest.xml:20:5-21:38
MERGED from [androidx.compose.material:material:1.2.0] AndroidManifest.xml:20:5-21:38
MERGED from [androidx.compose.material:material-ripple:1.2.0] AndroidManifest.xml:20:5-21:38
MERGED from [androidx.compose.material:material-ripple:1.2.0] AndroidManifest.xml:20:5-21:38
MERGED from [androidx.compose.foundation:foundation:1.2.0] AndroidManifest.xml:20:5-21:38
MERGED from [androidx.compose.foundation:foundation:1.2.0] AndroidManifest.xml:20:5-21:38
MERGED from [androidx.compose.animation:animation:1.1.1] AndroidManifest.xml:20:5-22:41
MERGED from [androidx.compose.animation:animation:1.1.1] AndroidManifest.xml:20:5-22:41
MERGED from [androidx.compose.ui:ui-tooling-data:1.2.0] AndroidManifest.xml:20:5-21:38
MERGED from [androidx.compose.ui:ui-tooling-data:1.2.0] AndroidManifest.xml:20:5-21:38
MERGED from [androidx.compose.material:material-icons-core:1.2.0] AndroidManifest.xml:20:5-21:38
MERGED from [androidx.compose.material:material-icons-core:1.2.0] AndroidManifest.xml:20:5-21:38
MERGED from [androidx.compose.foundation:foundation-layout:1.2.0] AndroidManifest.xml:20:5-21:38
MERGED from [androidx.compose.foundation:foundation-layout:1.2.0] AndroidManifest.xml:20:5-21:38
MERGED from [androidx.compose.animation:animation-core:1.1.1] AndroidManifest.xml:20:5-22:41
MERGED from [androidx.compose.animation:animation-core:1.1.1] AndroidManifest.xml:20:5-22:41
MERGED from [androidx.compose.ui:ui:1.2.0] AndroidManifest.xml:20:5-21:38
MERGED from [androidx.compose.ui:ui:1.2.0] AndroidManifest.xml:20:5-21:38
MERGED from [androidx.compose.ui:ui-tooling-preview:1.2.0] AndroidManifest.xml:20:5-21:38
MERGED from [androidx.compose.ui:ui-tooling-preview:1.2.0] AndroidManifest.xml:20:5-21:38
MERGED from [androidx.compose.ui:ui-text:1.2.0] AndroidManifest.xml:20:5-21:38
MERGED from [androidx.compose.ui:ui-text:1.2.0] AndroidManifest.xml:20:5-21:38
MERGED from [androidx.compose.runtime:runtime-saveable:1.2.0] AndroidManifest.xml:20:5-21:38
MERGED from [androidx.compose.runtime:runtime-saveable:1.2.0] AndroidManifest.xml:20:5-21:38
MERGED from [androidx.compose.ui:ui-graphics:1.2.0] AndroidManifest.xml:20:5-21:38
MERGED from [androidx.compose.ui:ui-graphics:1.2.0] AndroidManifest.xml:20:5-21:38
MERGED from [androidx.compose.ui:ui-unit:1.2.0] AndroidManifest.xml:20:5-21:38
MERGED from [androidx.compose.ui:ui-unit:1.2.0] AndroidManifest.xml:20:5-21:38
MERGED from [androidx.compose.ui:ui-geometry:1.2.0] AndroidManifest.xml:20:5-21:38
MERGED from [androidx.compose.ui:ui-geometry:1.2.0] AndroidManifest.xml:20:5-21:38
MERGED from [androidx.compose.runtime:runtime:1.2.0] AndroidManifest.xml:20:5-21:38
MERGED from [androidx.compose.runtime:runtime:1.2.0] AndroidManifest.xml:20:5-21:38
MERGED from [androidx.lifecycle:lifecycle-viewmodel-ktx:2.3.1] AndroidManifest.xml:20:5-22:41
MERGED from [androidx.lifecycle:lifecycle-viewmodel-ktx:2.3.1] AndroidManifest.xml:20:5-22:41
MERGED from [androidx.compose.ui:ui-test-manifest:1.2.0] AndroidManifest.xml:20:5-21:38
MERGED from [androidx.compose.ui:ui-test-manifest:1.2.0] AndroidManifest.xml:20:5-21:38
MERGED from [androidx.customview:customview-poolingcontainer:1.0.0] AndroidManifest.xml:20:5-21:38
MERGED from [androidx.customview:customview-poolingcontainer:1.0.0] AndroidManifest.xml:20:5-21:38
MERGED from [androidx.core:core-ktx:1.7.0] AndroidManifest.xml:5:5-7:41
MERGED from [androidx.core:core-ktx:1.7.0] AndroidManifest.xml:5:5-7:41
MERGED from [androidx.savedstate:savedstate-ktx:1.2.0] AndroidManifest.xml:20:5-22:41
MERGED from [androidx.savedstate:savedstate-ktx:1.2.0] AndroidManifest.xml:20:5-22:41
MERGED from [androidx.compose.ui:ui-util:1.2.0] AndroidManifest.xml:20:5-21:38
MERGED from [androidx.compose.ui:ui-util:1.2.0] AndroidManifest.xml:20:5-21:38
MERGED from [androidx.activity:activity:1.3.1] AndroidManifest.xml:20:5-22:41
MERGED from [androidx.activity:activity:1.3.1] AndroidManifest.xml:20:5-22:41
MERGED from [androidx.lifecycle:lifecycle-viewmodel-savedstate:2.3.1] AndroidManifest.xml:20:5-22:41
MERGED from [androidx.lifecycle:lifecycle-viewmodel-savedstate:2.3.1] AndroidManifest.xml:20:5-22:41
MERGED from [androidx.savedstate:savedstate:1.2.0] AndroidManifest.xml:20:5-22:41
MERGED from [androidx.savedstate:savedstate:1.2.0] AndroidManifest.xml:20:5-22:41
MERGED from [androidx.sqlite:sqlite-framework:2.3.0] AndroidManifest.xml:20:5-44
MERGED from [androidx.sqlite:sqlite-framework:2.3.0] AndroidManifest.xml:20:5-44
MERGED from [androidx.sqlite:sqlite:2.3.0] AndroidManifest.xml:20:5-44
MERGED from [androidx.sqlite:sqlite:2.3.0] AndroidManifest.xml:20:5-44
MERGED from [androidx.autofill:autofill:1.0.0] AndroidManifest.xml:20:5-22:41
MERGED from [androidx.autofill:autofill:1.0.0] AndroidManifest.xml:20:5-22:41
MERGED from [androidx.core:core:1.7.0] AndroidManifest.xml:20:5-22:41
MERGED from [androidx.core:core:1.7.0] AndroidManifest.xml:20:5-22:41
MERGED from [androidx.lifecycle:lifecycle-runtime:2.3.1] AndroidManifest.xml:20:5-22:41
MERGED from [androidx.lifecycle:lifecycle-runtime:2.3.1] AndroidManifest.xml:20:5-22:41
MERGED from [androidx.versionedparcelable:versionedparcelable:1.1.1] AndroidManifest.xml:20:5-22:41
MERGED from [androidx.versionedparcelable:versionedparcelable:1.1.1] AndroidManifest.xml:20:5-22:41
MERGED from [androidx.profileinstaller:profileinstaller:1.2.0] AndroidManifest.xml:21:5-22:38
MERGED from [androidx.profileinstaller:profileinstaller:1.2.0] AndroidManifest.xml:21:5-22:38
MERGED from [androidx.lifecycle:lifecycle-livedata-core:2.3.1] AndroidManifest.xml:20:5-22:41
MERGED from [androidx.lifecycle:lifecycle-livedata-core:2.3.1] AndroidManifest.xml:20:5-22:41
MERGED from [androidx.arch.core:core-runtime:2.1.0] AndroidManifest.xml:20:5-22:41
MERGED from [androidx.arch.core:core-runtime:2.1.0] AndroidManifest.xml:20:5-22:41
MERGED from [androidx.startup:startup-runtime:1.1.1] AndroidManifest.xml:21:5-23:41
MERGED from [androidx.startup:startup-runtime:1.1.1] AndroidManifest.xml:21:5-23:41
MERGED from [androidx.lifecycle:lifecycle-viewmodel:2.3.1] AndroidManifest.xml:20:5-22:41
MERGED from [androidx.lifecycle:lifecycle-viewmodel:2.3.1] AndroidManifest.xml:20:5-22:41
MERGED from [androidx.tracing:tracing:1.0.0] AndroidManifest.xml:20:5-22:41
MERGED from [androidx.tracing:tracing:1.0.0] AndroidManifest.xml:20:5-22:41
MERGED from [androidx.annotation:annotation-experimental:1.1.0] AndroidManifest.xml:20:5-22:41
MERGED from [androidx.annotation:annotation-experimental:1.1.0] AndroidManifest.xml:20:5-22:41
INJECTED from src\main\AndroidManifest.xml
INJECTED from src\main\AndroidManifest.xml
	android:targetSdkVersion
		INJECTED from src\main\AndroidManifest.xml
		ADDED from src\main\AndroidManifest.xml
		INJECTED from src\main\AndroidManifest.xml
	android:minSdkVersion
		INJECTED from src\main\AndroidManifest.xml
		ADDED from src\main\AndroidManifest.xml
		INJECTED from src\main\AndroidManifest.xml
service#androidx.room.MultiInstanceInvalidationService
ADDED from [androidx.room:room-runtime:2.5.0] AndroidManifest.xml:24:9-28:63
	android:exported
		ADDED from [androidx.room:room-runtime:2.5.0] AndroidManifest.xml:27:13-37
	tools:ignore
		ADDED from [androidx.room:room-runtime:2.5.0] AndroidManifest.xml:28:13-60
	android:directBootAware
		ADDED from [androidx.room:room-runtime:2.5.0] AndroidManifest.xml:26:13-43
	android:name
		ADDED from [androidx.room:room-runtime:2.5.0] AndroidManifest.xml:25:13-74
activity#androidx.compose.ui.tooling.PreviewActivity
ADDED from [androidx.compose.ui:ui-tooling:1.2.0] AndroidManifest.xml:24:9-26:39
	android:exported
		ADDED from [androidx.compose.ui:ui-tooling:1.2.0] AndroidManifest.xml:26:13-36
	android:name
		ADDED from [androidx.compose.ui:ui-tooling:1.2.0] AndroidManifest.xml:25:13-71
activity#androidx.activity.ComponentActivity
ADDED from [androidx.compose.ui:ui-test-manifest:1.2.0] AndroidManifest.xml:24:9-26:39
	android:exported
		ADDED from [androidx.compose.ui:ui-test-manifest:1.2.0] AndroidManifest.xml:26:13-36
	android:name
		ADDED from [androidx.compose.ui:ui-test-manifest:1.2.0] AndroidManifest.xml:25:13-63
provider#androidx.startup.InitializationProvider
ADDED from [androidx.profileinstaller:profileinstaller:1.2.0] AndroidManifest.xml:25:9-33:20
MERGED from [androidx.startup:startup-runtime:1.1.1] AndroidManifest.xml:26:9-30:34
MERGED from [androidx.startup:startup-runtime:1.1.1] AndroidManifest.xml:26:9-30:34
	tools:node
		ADDED from [androidx.profileinstaller:profileinstaller:1.2.0] AndroidManifest.xml:29:13-31
	android:authorities
		ADDED from [androidx.profileinstaller:profileinstaller:1.2.0] AndroidManifest.xml:27:13-68
	android:exported
		ADDED from [androidx.profileinstaller:profileinstaller:1.2.0] AndroidManifest.xml:28:13-37
	android:name
		ADDED from [androidx.profileinstaller:profileinstaller:1.2.0] AndroidManifest.xml:26:13-67
meta-data#androidx.profileinstaller.ProfileInstallerInitializer
ADDED from [androidx.profileinstaller:profileinstaller:1.2.0] AndroidManifest.xml:30:13-32:52
	android:value
		ADDED from [androidx.profileinstaller:profileinstaller:1.2.0] AndroidManifest.xml:32:17-49
	android:name
		ADDED from [androidx.profileinstaller:profileinstaller:1.2.0] AndroidManifest.xml:31:17-85
receiver#androidx.profileinstaller.ProfileInstallReceiver
ADDED from [androidx.profileinstaller:profileinstaller:1.2.0] AndroidManifest.xml:35:9-47:20
	android:enabled
		ADDED from [androidx.profileinstaller:profileinstaller:1.2.0] AndroidManifest.xml:38:13-35
	android:exported
		ADDED from [androidx.profileinstaller:profileinstaller:1.2.0] AndroidManifest.xml:39:13-36
	android:permission
		ADDED from [androidx.profileinstaller:profileinstaller:1.2.0] AndroidManifest.xml:40:13-57
	android:directBootAware
		ADDED from [androidx.profileinstaller:profileinstaller:1.2.0] AndroidManifest.xml:37:13-44
	android:name
		ADDED from [androidx.profileinstaller:profileinstaller:1.2.0] AndroidManifest.xml:36:13-76
intent-filter#action:name:androidx.profileinstaller.action.INSTALL_PROFILE
ADDED from [androidx.profileinstaller:profileinstaller:1.2.0] AndroidManifest.xml:41:13-43:29
action#androidx.profileinstaller.action.INSTALL_PROFILE
ADDED from [androidx.profileinstaller:profileinstaller:1.2.0] AndroidManifest.xml:42:17-91
	android:name
		ADDED from [androidx.profileinstaller:profileinstaller:1.2.0] AndroidManifest.xml:42:25-88
intent-filter#action:name:androidx.profileinstaller.action.SKIP_FILE
ADDED from [androidx.profileinstaller:profileinstaller:1.2.0] AndroidManifest.xml:44:13-46:29
action#androidx.profileinstaller.action.SKIP_FILE
ADDED from [androidx.profileinstaller:profileinstaller:1.2.0] AndroidManifest.xml:45:17-85
	android:name
		ADDED from [androidx.profileinstaller:profileinstaller:1.2.0] AndroidManifest.xml:45:25-82